E:\Build\tree v1.5\x64\Debug\cl.command.1.tlog
E:\Build\tree v1.5\x64\Debug\CL.read.1.tlog
E:\Build\tree v1.5\x64\Debug\CL.write.1.tlog
E:\Build\tree v1.5\x64\Debug\link.command.1.tlog
E:\Build\tree v1.5\x64\Debug\link.read.1.tlog
E:\Build\tree v1.5\x64\Debug\link.write.1.tlog
E:\Build\tree v1.5\x64\Debug\link-cvtres.read.1.tlog
E:\Build\tree v1.5\x64\Debug\link-cvtres.write.1.tlog
E:\Build\tree v1.5\x64\Debug\mt.command.1.tlog
E:\Build\tree v1.5\x64\Debug\mt.read.1.tlog
E:\Build\tree v1.5\x64\Debug\mt.write.1.tlog
E:\Build\tree v1.5\x64\Debug\rc.command.1.tlog
E:\Build\tree v1.5\x64\Debug\rc.read.1.tlog
E:\Build\tree v1.5\x64\Debug\rc.write.1.tlog
E:\Build\tree v1.5\x64\Debug\Start.exe
E:\Build\tree v1.5\x64\Debug\Start.exe.embed.manifest
E:\Build\tree v1.5\x64\Debug\Start.exe.embed.manifest.res
E:\Build\tree v1.5\x64\Debug\Start.exe.intermediate.manifest
E:\Build\tree v1.5\x64\Debug\Start.ilk
E:\Build\tree v1.5\x64\Debug\Start.obj
E:\Build\tree v1.5\x64\Debug\Start.pdb
E:\Build\tree v1.5\x64\Debug\Start_manifest.rc
E:\Build\tree v1.5\x64\Debug\Tree.obj
E:\Build\tree v1.5\x64\Debug\Tutorial01.res
E:\Build\tree v1.5\x64\Debug\vc100.pdb
H:\PROJECTS\PROJECTS\TREE V1.0\X64\DEBUG\START.EXE
H:\PROJECTS\PROJECTS\TREE V1.0\X64\DEBUG\START.EXE.EMBED.MANIFEST
H:\PROJECTS\PROJECTS\TREE V1.0\X64\DEBUG\START.EXE.EMBED.MANIFEST.RES
H:\PROJECTS\PROJECTS\TREE V1.0\X64\DEBUG\START.EXE.INTERMEDIATE.MANIFEST
H:\PROJECTS\PROJECTS\TREE V1.0\X64\DEBUG\START.ILK
H:\PROJECTS\PROJECTS\TREE V1.0\X64\DEBUG\START.OBJ
H:\PROJECTS\PROJECTS\TREE V1.0\X64\DEBUG\START.PDB
H:\PROJECTS\PROJECTS\TREE V1.0\X64\DEBUG\TREE.OBJ
H:\PROJECTS\PROJECTS\TREE V1.0\X64\DEBUG\TUTORIAL01.RES
H:\PROJECTS\PROJECTS\TREE V1.0\X64\DEBUG\VC100.PDB
