Build started 26.10.2012 15:00:54.
     1>Project "H:\Projects\Projects\tree v1.0\Tutorial01_2010.vcxproj" on node 2 (build target(s)).
     1>InitializeBuildStatus:
         Creating "Release\Start.unsuccessfulbuild" because "AlwaysCreate" was specified.
       ClCompile:
         C:\Program Files (x86)\Microsoft Visual Studio 10.0\VC\bin\CL.exe /c /I..\..\..\DXUT11\Core /I..\..\..\DXUT11\Optional /Zi /nologo /W4 /WX- /O2 /Oi /Oy- /GL /D WIN32 /D NDEBUG /D _WINDOWS /D D3DXFX_LARGEADDRESS_HANDLE /D _UNICODE /D UNICODE /Gm- /EHsc /MD /GS /Gy /arch:SSE2 /fp:fast /Zc:wchar_t /Zc:forScope /openmp- /Fo"Release\\" /Fd"Release\vc100.pdb" /Gd /TP /analyze- /errorReport:prompt Start.cpp Tree.cpp  
         Start.cpp
         C:\Program Files (x86)\Microsoft DirectX SDK (June 2010)\Include\dinput.h: DIRECTINPUT_VERSION undefined. Defaulting to version 0x0800
     1>Start.cpp(162): warning C4244: '=' : conversion from 'DWORD' to 'float', possible loss of data
     1>Start.cpp(174): warning C4244: '=' : conversion from 'DWORD' to 'float', possible loss of data
     1>Start.cpp(807): warning C4244: 'initializing' : conversion from 'double' to 'float', possible loss of data
     1>Start.cpp(819): warning C4244: 'initializing' : conversion from 'float' to 'int', possible loss of data
     1>Start.cpp(575): warning C4189: 'p' : local variable is initialized but not referenced
     1>Start.cpp(371): warning C4101: 'g_pRentargetdesc' : unreferenced local variable
     1>Start.cpp(581): warning C4189: 'i' : local variable is initialized but not referenced
     1>Start.cpp(579): warning C4189: 'n' : local variable is initialized but not referenced
     1>Start.cpp(801): warning C4189: 'sklony' : local variable is initialized but not referenced
     1>Start.cpp(800): warning C4189: 'sklonx' : local variable is initialized but not referenced
     1>Start.cpp(639): warning C4189: 'positions' : local variable is initialized but not referenced
     1>Start.cpp(638): warning C4189: 'cnt' : local variable is initialized but not referenced
     1>Start.cpp(637): warning C4189: 'index' : local variable is initialized but not referenced
     1>Start.cpp(634): warning C4189: 'indices' : local variable is initialized but not referenced
     1>Start.cpp(573): warning C4101: 'input' : unreferenced local variable
     1>Start.cpp(808): warning C4189: 'Zkoord' : local variable is initialized but not referenced
     1>Start.cpp(805): warning C4189: 'axDens' : local variable is initialized but not referenced
     1>Start.cpp(635): warning C4189: 'vertices' : local variable is initialized but not referenced
     1>Start.cpp(582): warning C4189: 'strCommand' : local variable is initialized but not referenced
     1>Start.cpp(636): warning C4189: 'isfilled' : local variable is initialized but not referenced
     1>Start.cpp(577): warning C4189: 't' : local variable is initialized but not referenced
     1>Start.cpp(641): warning C4189: 'normals' : local variable is initialized but not referenced
     1>Start.cpp(640): warning C4189: 'textcoords' : local variable is initialized but not referenced
     1>Start.cpp(1253): warning C4244: '+=' : conversion from 'float' to 'long', possible loss of data
     1>Start.cpp(1354): warning C4244: '+=' : conversion from 'double' to 'float', possible loss of data
     1>Start.cpp(1357): warning C4244: 'argument' : conversion from 'double' to 'FLOAT', possible loss of data
     1>Start.cpp(1362): warning C4189: 'Up' : local variable is initialized but not referenced
     1>Start.cpp(1349): warning C4189: 'At' : local variable is initialized but not referenced
         Tree.cpp
         C:\Program Files (x86)\Microsoft DirectX SDK (June 2010)\Include\dinput.h: DIRECTINPUT_VERSION undefined. Defaulting to version 0x0800
     1>Tree.cpp(40): warning C4100: 'nVetvi' : unreferenced formal parameter
     1>Tree.cpp(57): warning C4189: 'Ttextcoords' : local variable is initialized but not referenced
     1>Tree.cpp(56): warning C4189: 'Tpositions' : local variable is initialized but not referenced
     1>Tree.cpp(58): warning C4189: 'Tnormals' : local variable is initialized but not referenced
     1>Tree.cpp(224): warning C4189: 'Rorigin' : local variable is initialized but not referenced
     1>Tree.cpp(216): warning C4189: 'Zkoord' : local variable is initialized but not referenced
     1>Tree.cpp(331): warning C4244: '=' : conversion from 'double' to 'float', possible loss of data
     1>Tree.cpp(277): warning C4100: 'delka' : unreferenced formal parameter
     1>Tree.cpp(312): warning C4189: 'konec' : local variable is initialized but not referenced
     1>Tree.cpp(299): warning C4189: 'Zkoord' : local variable is initialized but not referenced
     1>Tree.cpp(294): warning C4189: 'AxeRotace1' : local variable is initialized but not referenced
     1>Tree.cpp(579): warning C4244: 'initializing' : conversion from 'double' to 'float', possible loss of data
     1>Tree.cpp(608): warning C4244: 'initializing' : conversion from 'double' to 'float', possible loss of data
     1>Tree.cpp(634): warning C4244: 'initializing' : conversion from 'double' to 'float', possible loss of data
     1>Tree.cpp(418): warning C4100: 'tU' : unreferenced formal parameter
     1>Tree.cpp(418): warning C4100: 'sklonY1' : unreferenced formal parameter
     1>Tree.cpp(418): warning C4100: 'radiusZ' : unreferenced formal parameter
     1>Tree.cpp(440): warning C4101: 'MezoY1' : unreferenced local variable
     1>Tree.cpp(440): warning C4101: 'MezoX1' : unreferenced local variable
       ResourceCompile:
         C:\Program Files (x86)\Microsoft SDKs\Windows\v7.0A\bin\rc.exe /D _UNICODE /D UNICODE /l"0x0409" /nologo /fo"Release\Tutorial01.res" Tutorial01.rc 
       Link:
         C:\Program Files (x86)\Microsoft Visual Studio 10.0\VC\bin\link.exe /ERRORREPORT:PROMPT /OUT:"H:\Projects\Projects\tree v1.0\Release\Start.exe" /INCREMENTAL:NO /NOLOGO d3d11.lib d3dcompiler.lib d3dx11.lib d3dx9.lib dxerr.lib dxguid.lib winmm.lib comctl32.lib kernel32.lib user32.lib gdi32.lib winspool.lib comdlg32.lib advapi32.lib shell32.lib ole32.lib oleaut32.lib uuid.lib odbc32.lib odbccp32.lib /MANIFEST /ManifestFile:"Release\Start.exe.intermediate.manifest" /MANIFESTUAC:"level='asInvoker' uiAccess='false'" /DEBUG /PDB:"H:\Projects\Projects\tree v1.0\Release\Start.pdb" /SUBSYSTEM:WINDOWS /LARGEADDRESSAWARE /OPT:REF /OPT:ICF /LTCG /TLBID:1 /DYNAMICBASE /NXCOMPAT /IMPLIB:"H:\Projects\Projects\tree v1.0\Release\Start.lib" /MACHINE:X86 Release\Tutorial01.res
         Release\Start.obj
         Release\Tree.obj  
     1>Start.obj : error LNK2001: unresolved external symbol _c_dfDIKeyboard
     1>Start.obj : error LNK2001: unresolved external symbol _DirectInput8Create@20
     1>Start.obj : error LNK2001: unresolved external symbol _c_dfDIMouse2
     1>H:\Projects\Projects\tree v1.0\Release\Start.exe : fatal error LNK1120: 3 unresolved externals
     1>Done Building Project "H:\Projects\Projects\tree v1.0\Tutorial01_2010.vcxproj" (build target(s)) -- FAILED.

Build FAILED.

Time Elapsed 00:00:04.71
