Build started 7.5.2011 20:01:41.
     1>Project "C:\Program Files (x86)\Microsoft DirectX SDK (June 2010)\Samples\C++\Direct3D11\Tutorials\Test2\Tutorial01_2010.vcxproj" on node 2 (build target(s)).
     1>InitializeBuildStatus:
         Touching "Debug\Start.unsuccessfulbuild".
       ClCompile:
         All outputs are up-to-date.
       ResourceCompile:
         All outputs are up-to-date.
       ManifestResourceCompile:
         All outputs are up-to-date.
       Link:
         C:\Program Files (x86)\Microsoft Visual Studio 10.0\VC\bin\link.exe /ERRORREPORT:PROMPT /OUT:"C:\Program Files (x86)\Microsoft DirectX SDK (June 2010)\Samples\C++\Direct3D11\Tutorials\Test2\Debug\Start.exe" /INCREMENTAL /NOLOGO d3d11.lib d3dcompiler.lib d3dx11d.lib d3dx9d.lib dxerr.lib dxguid.lib winmm.lib comctl32.lib kernel32.lib user32.lib gdi32.lib winspool.lib comdlg32.lib advapi32.lib shell32.lib ole32.lib oleaut32.lib uuid.lib odbc32.lib odbccp32.lib /MANIFEST /ManifestFile:"Debug\Start.exe.intermediate.manifest" /MANIFESTUAC:"level='asInvoker' uiAccess='false'" /DEBUG /PDB:"C:\Program Files (x86)\Microsoft DirectX SDK (June 2010)\Samples\C++\Direct3D11\Tutorials\Test2\Debug\Start.pdb" /SUBSYSTEM:WINDOWS /LARGEADDRESSAWARE /TLBID:1 /DYNAMICBASE /NXCOMPAT /IMPLIB:"C:\Program Files (x86)\Microsoft DirectX SDK (June 2010)\Samples\C++\Direct3D11\Tutorials\Test2\Debug\Start.lib" /MACHINE:X86 Debug\Tutorial01.res
         Debug\Start.exe.embed.manifest.res
         Debug\DXUT.obj
         Debug\DXUTDevice11.obj
         Debug\DXUTDevice9.obj
         Debug\DXUTmisc.obj
         Debug\DXUTcamera.obj
         Debug\DXUTgui.obj
         Debug\DXUTres.obj
         Debug\DXUTsettingsdlg.obj
         Debug\SDKmesh.obj
         Debug\SDKmisc.obj
         Debug\SDKsound.obj
         Debug\SDKwavefile.obj
         Debug\Start.obj  
     1>SDKsound.obj : error LNK2019: unresolved external symbol _DirectSoundCreate8@12 referenced in function "public: long __thiscall CSoundManager::Initialize(struct HWND__ *,unsigned long)" (?Initialize@CSoundManager@@QAEJPAUHWND__@@K@Z)
     1>C:\Program Files (x86)\Microsoft DirectX SDK (June 2010)\Samples\C++\Direct3D11\Tutorials\Test2\Debug\Start.exe : fatal error LNK1120: 1 unresolved externals
     1>Done Building Project "C:\Program Files (x86)\Microsoft DirectX SDK (June 2010)\Samples\C++\Direct3D11\Tutorials\Test2\Tutorial01_2010.vcxproj" (build target(s)) -- FAILED.

Build FAILED.

Time Elapsed 00:00:00.77
