E:\Build\tree v1.0\x64\Debug\cl.command.1.tlog
E:\Build\tree v1.0\x64\Debug\CL.read.1.tlog
E:\Build\tree v1.0\x64\Debug\CL.write.1.tlog
E:\Build\tree v1.0\x64\Debug\link.command.1.tlog
E:\Build\tree v1.0\x64\Debug\link.read.1.tlog
E:\Build\tree v1.0\x64\Debug\link.write.1.tlog
E:\Build\tree v1.0\x64\Debug\link-cvtres.read.1.tlog
E:\Build\tree v1.0\x64\Debug\link-cvtres.write.1.tlog
E:\Build\tree v1.0\x64\Debug\mt.command.1.tlog
E:\Build\tree v1.0\x64\Debug\mt.read.1.tlog
E:\Build\tree v1.0\x64\Debug\mt.write.1.tlog
E:\Build\tree v1.0\x64\Debug\rc.command.1.tlog
E:\Build\tree v1.0\x64\Debug\rc.read.1.tlog
E:\Build\tree v1.0\x64\Debug\rc.write.1.tlog
E:\BUILD\TREE V1.0\X64\DEBUG\START.EXE
E:\BUILD\TREE V1.0\X64\DEBUG\START.EXE.EMBED.MANIFEST
E:\BUILD\TREE V1.0\X64\DEBUG\START.EXE.EMBED.MANIFEST.RES
E:\BUILD\TREE V1.0\X64\DEBUG\START.EXE.INTERMEDIATE.MANIFEST
E:\BUILD\TREE V1.0\X64\DEBUG\START.ILK
E:\BUILD\TREE V1.0\X64\DEBUG\START.OBJ
E:\BUILD\TREE V1.0\X64\DEBUG\START.PDB
E:\Build\tree v1.0\x64\Debug\Start_manifest.rc
E:\BUILD\TREE V1.0\X64\DEBUG\TREE.OBJ
E:\BUILD\TREE V1.0\X64\DEBUG\TUTORIAL01.RES
E:\BUILD\TREE V1.0\X64\DEBUG\VC100.PDB
